2025-11-12T16:51:11.135+09:00  INFO 91878 --- [main] c.i.r.RentalServiceApplication           : Starting RentalServiceApplication using Java 21.0.6 with PID 91878 (/Users/sooyeon/mainServer/rentalService/build/classes/java/main started by sooyeon in /Users/sooyeon/mainServer)
2025-11-12T16:51:11.136+09:00  INFO 91878 --- [main] c.i.r.RentalServiceApplication           : No active profile set, falling back to 1 default profile: "default"
2025-11-12T16:51:11.762+09:00  INFO 91878 --- [main] .s.d.r.c.RepositoryConfigurationDelegate : Multiple Spring Data modules found, entering strict repository configuration mode
2025-11-12T16:51:11.762+09:00  INFO 91878 --- [main] .s.d.r.c.RepositoryConfigurationDelegate : Bootstrapping Spring Data Redis repositories in DEFAULT mode.
2025-11-12T16:51:11.787+09:00  INFO 91878 --- [main] .s.d.r.c.RepositoryConfigurationDelegate : Finished Spring Data repository scanning in 3 ms. Found 0 Redis repository interfaces.
2025-11-12T16:51:12.142+09:00  INFO 91878 --- [main] .s.d.r.c.RepositoryConfigurationDelegate : Multiple Spring Data modules found, entering strict repository configuration mode
2025-11-12T16:51:12.143+09:00  INFO 91878 --- [main] .s.d.r.c.RepositoryConfigurationDelegate : Bootstrapping Spring Data JPA repositories in DEFAULT mode.
2025-11-12T16:51:12.314+09:00  INFO 91878 --- [main] .RepositoryConfigurationExtensionSupport : Spring Data JPA - Could not safely identify store assignment for repository candidate interface com.itemrental.rentalService.repository.RefreshTokenRepository; If you want this repository to be a JPA repository, consider annotating your entities with one of these annotations: jakarta.persistence.Entity, jakarta.persistence.MappedSuperclass (preferred), or consider extending one of the following types with your repository: org.springframework.data.jpa.repository.JpaRepository
2025-11-12T16:51:12.315+09:00  INFO 91878 --- [main] .RepositoryConfigurationExtensionSupport : Spring Data JPA - Could not safely identify store assignment for repository candidate interface com.itemrental.rentalService.repository.ResetTokenRepository; If you want this repository to be a JPA repository, consider annotating your entities with one of these annotations: jakarta.persistence.Entity, jakarta.persistence.MappedSuperclass (preferred), or consider extending one of the following types with your repository: org.springframework.data.jpa.repository.JpaRepository
2025-11-12T16:51:12.317+09:00  INFO 91878 --- [main] .RepositoryConfigurationExtensionSupport : Spring Data JPA - Could not safely identify store assignment for repository candidate interface com.itemrental.rentalService.repository.VerificationTokenRepository; If you want this repository to be a JPA repository, consider annotating your entities with one of these annotations: jakarta.persistence.Entity, jakarta.persistence.MappedSuperclass (preferred), or consider extending one of the following types with your repository: org.springframework.data.jpa.repository.JpaRepository
2025-11-12T16:51:12.326+09:00  INFO 91878 --- [main] .s.d.r.c.RepositoryConfigurationDelegate : Finished Spring Data repository scanning in 175 ms. Found 9 JPA repository interfaces.
2025-11-12T16:51:12.330+09:00  INFO 91878 --- [main] .s.d.r.c.RepositoryConfigurationDelegate : Multiple Spring Data modules found, entering strict repository configuration mode
2025-11-12T16:51:12.330+09:00  INFO 91878 --- [main] .s.d.r.c.RepositoryConfigurationDelegate : Bootstrapping Spring Data Redis repositories in DEFAULT mode.
2025-11-12T16:51:12.335+09:00  INFO 91878 --- [main] .RepositoryConfigurationExtensionSupport : Spring Data Redis - Could not safely identify store assignment for repository candidate interface com.itemrental.rentalService.community.repository.CommunityCommentRepository; If you want this repository to be a Redis repository, consider annotating your entities with one of these annotations: org.springframework.data.redis.core.RedisHash (preferred), or consider extending one of the following types with your repository: org.springframework.data.keyvalue.repository.KeyValueRepository
2025-11-12T16:51:12.336+09:00  INFO 91878 --- [main] .RepositoryConfigurationExtensionSupport : Spring Data Redis - Could not safely identify store assignment for repository candidate interface com.itemrental.rentalService.community.repository.CommunityPostBookmarkRepository; If you want this repository to be a Redis repository, consider annotating your entities with one of these annotations: org.springframework.data.redis.core.RedisHash (preferred), or consider extending one of the following types with your repository: org.springframework.data.keyvalue.repository.KeyValueRepository
2025-11-12T16:51:12.336+09:00  INFO 91878 --- [main] .RepositoryConfigurationExtensionSupport : Spring Data Redis - Could not safely identify store assignment for repository candidate interface com.itemrental.rentalService.community.repository.CommunityPostImageRepository; If you want this repository to be a Redis repository, consider annotating your entities with one of these annotations: org.springframework.data.redis.core.RedisHash (preferred), or consider extending one of the following types with your repository: org.springframework.data.keyvalue.repository.KeyValueRepository
2025-11-12T16:51:12.336+09:00  INFO 91878 --- [main] .RepositoryConfigurationExtensionSupport : Spring Data Redis - Could not safely identify store assignment for repository candidate interface com.itemrental.rentalService.community.repository.CommunityPostLikeRepository; If you want this repository to be a Redis repository, consider annotating your entities with one of these annotations: org.springframework.data.redis.core.RedisHash (preferred), or consider extending one of the following types with your repository: org.springframework.data.keyvalue.repository.KeyValueRepository
2025-11-12T16:51:12.336+09:00  INFO 91878 --- [main] .RepositoryConfigurationExtensionSupport : Spring Data Redis - Could not safely identify store assignment for repository candidate interface com.itemrental.rentalService.community.repository.CommunityPostRepository; If you want this repository to be a Redis repository, consider annotating your entities with one of these annotations: org.springframework.data.redis.core.RedisHash (preferred), or consider extending one of the following types with your repository: org.springframework.data.keyvalue.repository.KeyValueRepository
2025-11-12T16:51:12.336+09:00  INFO 91878 --- [main] .RepositoryConfigurationExtensionSupport : Spring Data Redis - Could not safely identify store assignment for repository candidate interface com.itemrental.rentalService.rental.repository.PostImageRepository; If you want this repository to be a Redis repository, consider annotating your entities with one of these annotations: org.springframework.data.redis.core.RedisHash (preferred), or consider extending one of the following types with your repository: org.springframework.data.keyvalue.repository.KeyValueRepository
2025-11-12T16:51:12.337+09:00  INFO 91878 --- [main] .RepositoryConfigurationExtensionSupport : Spring Data Redis - Could not safely identify store assignment for repository candidate interface com.itemrental.rentalService.rental.repository.PostRepository; If you want this repository to be a Redis repository, consider annotating your entities with one of these annotations: org.springframework.data.redis.core.RedisHash (preferred), or consider extending one of the following types with your repository: org.springframework.data.keyvalue.repository.KeyValueRepository
2025-11-12T16:51:12.337+09:00  INFO 91878 --- [main] .RepositoryConfigurationExtensionSupport : Spring Data Redis - Could not safely identify store assignment for repository candidate interface com.itemrental.rentalService.rental.repository.PostReviewRepository; If you want this repository to be a Redis repository, consider annotating your entities with one of these annotations: org.springframework.data.redis.core.RedisHash (preferred), or consider extending one of the following types with your repository: org.springframework.data.keyvalue.repository.KeyValueRepository
2025-11-12T16:51:12.338+09:00  INFO 91878 --- [main] .RepositoryConfigurationExtensionSupport : Spring Data Redis - Could not safely identify store assignment for repository candidate interface com.itemrental.rentalService.repository.UserRepository; If you want this repository to be a Redis repository, consider annotating your entities with one of these annotations: org.springframework.data.redis.core.RedisHash (preferred), or consider extending one of the following types with your repository: org.springframework.data.keyvalue.repository.KeyValueRepository
2025-11-12T16:51:12.344+09:00  INFO 91878 --- [main] .s.d.r.c.RepositoryConfigurationDelegate : Finished Spring Data repository scanning in 13 ms. Found 3 Redis repository interfaces.
2025-11-12T16:51:12.665+09:00  INFO 91878 --- [main] o.s.b.w.embedded.tomcat.TomcatWebServer  : Tomcat initialized with port 8081 (http)
2025-11-12T16:51:12.673+09:00  INFO 91878 --- [main] o.apache.catalina.core.StandardService   : Starting service [Tomcat]
2025-11-12T16:51:12.674+09:00  INFO 91878 --- [main] o.apache.catalina.core.StandardEngine    : Starting Servlet engine: [Apache Tomcat/10.1.44]
2025-11-12T16:51:12.699+09:00  INFO 91878 --- [main] o.a.c.c.C.[Tomcat].[localhost].[/]       : Initializing Spring embedded WebApplicationContext
2025-11-12T16:51:12.700+09:00  INFO 91878 --- [main] w.s.c.ServletWebServerApplicationContext : Root WebApplicationContext: initialization completed in 1541 ms
2025-11-12T16:51:13.112+09:00  INFO 91878 --- [main] o.hibernate.jpa.internal.util.LogHelper  : HHH000204: Processing PersistenceUnitInfo [name: default]
2025-11-12T16:51:13.144+09:00  INFO 91878 --- [main] org.hibernate.Version                    : HHH000412: Hibernate ORM core version 6.6.26.Final
2025-11-12T16:51:13.160+09:00  INFO 91878 --- [main] o.h.c.internal.RegionFactoryInitiator    : HHH000026: Second-level cache disabled
2025-11-12T16:51:13.285+09:00  INFO 91878 --- [main] o.s.o.j.p.SpringPersistenceUnitInfo      : No LoadTimeWeaver setup: ignoring JPA class transformer
2025-11-12T16:51:13.298+09:00  INFO 91878 --- [main] com.zaxxer.hikari.HikariDataSource       : HikariPool-1 - Starting...
2025-11-12T16:51:13.572+09:00  INFO 91878 --- [main] com.zaxxer.hikari.pool.HikariPool        : HikariPool-1 - Added connection com.mysql.cj.jdbc.ConnectionImpl@2c28654e
2025-11-12T16:51:13.575+09:00  INFO 91878 --- [main] com.zaxxer.hikari.HikariDataSource       : HikariPool-1 - Start completed.
2025-11-12T16:51:13.736+09:00  WARN 91878 --- [main] org.hibernate.orm.deprecation            : HHH90000025: MySQLDialect does not need to be specified explicitly using 'hibernate.dialect' (remove the property setting and it will be selected by default)
2025-11-12T16:51:13.746+09:00  INFO 91878 --- [main] org.hibernate.orm.connections.pooling    : HHH10001005: Database info:
	Database JDBC URL [Connecting through datasource 'HikariDataSource (HikariPool-1)']
	Database driver: undefined/unknown
	Database version: 8.0.43
	Autocommit mode: undefined/unknown
	Isolation level: undefined/unknown
	Minimum pool size: undefined/unknown
	Maximum pool size: undefined/unknown
2025-11-12T16:51:14.472+09:00  INFO 91878 --- [main] o.h.e.t.j.p.i.JtaPlatformInitiator       : HHH000489: No JTA platform available (set 'hibernate.transaction.jta.platform' to enable JTA platform integration)
2025-11-12T16:51:16.687+09:00  INFO 91878 --- [main] j.LocalContainerEntityManagerFactoryBean : Initialized JPA EntityManagerFactory for persistence unit 'default'
2025-11-12T16:51:17.276+09:00  WARN 91878 --- [main] JpaBaseConfiguration$JpaWebConfiguration : spring.jpa.open-in-view is enabled by default. Therefore, database queries may be performed during view rendering. Explicitly configure spring.jpa.open-in-view to disable this warning
2025-11-12T16:51:17.404+09:00  INFO 91878 --- [main] o.s.b.a.e.web.EndpointLinksResolver      : Exposing 1 endpoint beneath base path '/actuator'
2025-11-12T16:51:17.421+09:00  INFO 91878 --- [main] eAuthenticationProviderManagerConfigurer : Global AuthenticationManager configured with AuthenticationProvider bean with name daoAuthenticationProvider
2025-11-12T16:51:17.421+09:00  WARN 91878 --- [main] r$InitializeUserDetailsManagerConfigurer : Global AuthenticationManager configured with an AuthenticationProvider bean. UserDetailsService beans will not be used by Spring Security for automatically configuring username/password login. Consider removing the AuthenticationProvider bean. Alternatively, consider using the UserDetailsService in a manually instantiated DaoAuthenticationProvider. If the current configuration is intentional, to turn off this warning, increase the logging level of 'org.springframework.security.config.annotation.authentication.configuration.InitializeUserDetailsBeanManagerConfigurer' to ERROR
2025-11-12T16:51:17.461+09:00 DEBUG 91878 --- [main] o.s.s.web.DefaultSecurityFilterChain     : Will secure any request with filters: DisableEncodeUrlFilter, WebAsyncManagerIntegrationFilter, SecurityContextHolderFilter, HeaderWriterFilter, CorsFilter, CustomLogoutFilter, LogoutFilter, JwtAuthenticationFilter, LoginFilter, RequestCacheAwareFilter, SecurityContextHolderAwareRequestFilter, AnonymousAuthenticationFilter, SessionManagementFilter, ExceptionTranslationFilter, AuthorizationFilter
2025-11-12T16:51:17.632+09:00  INFO 91878 --- [main] o.s.b.w.embedded.tomcat.TomcatWebServer  : Tomcat started on port 8081 (http) with context path '/'
2025-11-12T16:51:17.641+09:00  INFO 91878 --- [main] c.i.r.RentalServiceApplication           : Started RentalServiceApplication in 6.721 seconds (process running for 7.231)
2025-11-12T16:51:50.787+09:00  INFO 91878 --- [http-nio-8081-exec-1] o.a.c.c.C.[Tomcat].[localhost].[/]       : Initializing Spring DispatcherServlet 'dispatcherServlet'
2025-11-12T16:51:50.787+09:00  INFO 91878 --- [http-nio-8081-exec-1] o.s.web.servlet.DispatcherServlet        : Initializing Servlet 'dispatcherServlet'
2025-11-12T16:51:50.789+09:00  INFO 91878 --- [http-nio-8081-exec-1] o.s.web.servlet.DispatcherServlet        : Completed initialization in 2 ms
2025-11-12T16:51:50.804+09:00 DEBUG 91878 --- [http-nio-8081-exec-1] o.s.security.web.FilterChainProxy        : Securing OPTIONS /login
2025-11-12T16:51:50.824+09:00 DEBUG 91878 --- [http-nio-8081-exec-2] o.s.security.web.FilterChainProxy        : Securing POST /login
2025-11-12T16:51:51.154+09:00 DEBUG 91878 --- [http-nio-8081-exec-2] o.s.s.a.dao.DaoAuthenticationProvider    : Failed to authenticate since password does not match stored value
2025-11-12T16:51:51.155+09:00 DEBUG 91878 --- [http-nio-8081-exec-2] o.s.s.authentication.ProviderManager     : Authentication failed with provider DaoAuthenticationProvider since Bad credentials
2025-11-12T16:51:56.667+09:00 DEBUG 91878 --- [http-nio-8081-exec-3] o.s.security.web.FilterChainProxy        : Securing POST /login
2025-11-12T16:51:56.832+09:00 DEBUG 91878 --- [http-nio-8081-exec-3] o.s.s.a.dao.DaoAuthenticationProvider    : Authenticated user
2025-11-12T16:51:56.854+09:00  INFO 91878 --- [http-nio-8081-exec-3] c.i.rentalService.utils.LoginFilter      : psooy1106@naver.com
2025-11-12T16:52:20.960+09:00 DEBUG 91878 --- [http-nio-8081-exec-4] o.s.security.web.FilterChainProxy        : Securing POST /login
2025-11-12T16:52:21.133+09:00 DEBUG 91878 --- [http-nio-8081-exec-4] o.s.s.a.dao.DaoAuthenticationProvider    : Authenticated user
2025-11-12T16:52:21.155+09:00  INFO 91878 --- [http-nio-8081-exec-4] c.i.rentalService.utils.LoginFilter      : psooy1106@naver.com
2025-11-12T16:53:07.544+09:00 DEBUG 91878 --- [http-nio-8081-exec-7] o.s.security.web.FilterChainProxy        : Securing POST /community
2025-11-12T16:53:07.643+09:00 DEBUG 91878 --- [http-nio-8081-exec-7] o.s.security.web.FilterChainProxy        : Secured POST /community
2025-11-12T16:53:14.157+09:00 DEBUG 91878 --- [http-nio-8081-exec-9] o.s.security.web.FilterChainProxy        : Securing GET /community/posts
2025-11-12T16:53:14.157+09:00 DEBUG 91878 --- [http-nio-8081-exec-8] o.s.security.web.FilterChainProxy        : Securing GET /community/posts
2025-11-12T16:53:14.162+09:00 DEBUG 91878 --- [http-nio-8081-exec-9] o.s.s.w.a.AnonymousAuthenticationFilter  : Set SecurityContextHolder to anonymous SecurityContext
2025-11-12T16:53:14.162+09:00 DEBUG 91878 --- [http-nio-8081-exec-8] o.s.s.w.a.AnonymousAuthenticationFilter  : Set SecurityContextHolder to anonymous SecurityContext
2025-11-12T16:53:14.164+09:00 DEBUG 91878 --- [http-nio-8081-exec-8] o.s.security.web.FilterChainProxy        : Secured GET /community/posts
2025-11-12T16:53:14.164+09:00 DEBUG 91878 --- [http-nio-8081-exec-9] o.s.security.web.FilterChainProxy        : Secured GET /community/posts
2025-11-12T16:53:17.386+09:00 DEBUG 91878 --- [http-nio-8081-exec-10] o.s.security.web.FilterChainProxy        : Securing GET /community/3
2025-11-12T16:53:17.386+09:00 DEBUG 91878 --- [http-nio-8081-exec-1] o.s.security.web.FilterChainProxy        : Securing GET /community/3
2025-11-12T16:53:17.397+09:00 DEBUG 91878 --- [http-nio-8081-exec-1] o.s.s.w.a.AnonymousAuthenticationFilter  : Set SecurityContextHolder to anonymous SecurityContext
2025-11-12T16:53:17.397+09:00 DEBUG 91878 --- [http-nio-8081-exec-10] o.s.s.w.a.AnonymousAuthenticationFilter  : Set SecurityContextHolder to anonymous SecurityContext
2025-11-12T16:53:17.399+09:00 DEBUG 91878 --- [http-nio-8081-exec-10] o.s.security.web.FilterChainProxy        : Secured GET /community/3
2025-11-12T16:53:17.400+09:00 DEBUG 91878 --- [http-nio-8081-exec-1] o.s.security.web.FilterChainProxy        : Secured GET /community/3
2025-11-12T16:53:22.384+09:00 DEBUG 91878 --- [http-nio-8081-exec-2] o.s.security.web.FilterChainProxy        : Securing GET /community/posts
2025-11-12T16:53:22.384+09:00 DEBUG 91878 --- [http-nio-8081-exec-3] o.s.security.web.FilterChainProxy        : Securing GET /community/posts
2025-11-12T16:53:22.386+09:00 DEBUG 91878 --- [http-nio-8081-exec-3] o.s.s.w.a.AnonymousAuthenticationFilter  : Set SecurityContextHolder to anonymous SecurityContext
2025-11-12T16:53:22.387+09:00 DEBUG 91878 --- [http-nio-8081-exec-3] o.s.security.web.FilterChainProxy        : Secured GET /community/posts
2025-11-12T16:53:22.387+09:00 DEBUG 91878 --- [http-nio-8081-exec-2] o.s.s.w.a.AnonymousAuthenticationFilter  : Set SecurityContextHolder to anonymous SecurityContext
2025-11-12T16:53:22.388+09:00 DEBUG 91878 --- [http-nio-8081-exec-2] o.s.security.web.FilterChainProxy        : Secured GET /community/posts
2025-11-12T16:53:26.725+09:00 DEBUG 91878 --- [http-nio-8081-exec-4] o.s.security.web.FilterChainProxy        : Securing GET /community/4
2025-11-12T16:53:26.725+09:00 DEBUG 91878 --- [http-nio-8081-exec-5] o.s.security.web.FilterChainProxy        : Securing GET /community/4
2025-11-12T16:53:26.727+09:00 DEBUG 91878 --- [http-nio-8081-exec-4] o.s.s.w.a.AnonymousAuthenticationFilter  : Set SecurityContextHolder to anonymous SecurityContext
2025-11-12T16:53:26.727+09:00 DEBUG 91878 --- [http-nio-8081-exec-5] o.s.s.w.a.AnonymousAuthenticationFilter  : Set SecurityContextHolder to anonymous SecurityContext
2025-11-12T16:53:26.728+09:00 DEBUG 91878 --- [http-nio-8081-exec-4] o.s.security.web.FilterChainProxy        : Secured GET /community/4
2025-11-12T16:53:26.728+09:00 DEBUG 91878 --- [http-nio-8081-exec-5] o.s.security.web.FilterChainProxy        : Secured GET /community/4
2025-11-12T16:53:29.368+09:00 DEBUG 91878 --- [http-nio-8081-exec-6] o.s.security.web.FilterChainProxy        : Securing GET /community/posts
2025-11-12T16:53:29.368+09:00 DEBUG 91878 --- [http-nio-8081-exec-7] o.s.security.web.FilterChainProxy        : Securing GET /community/posts
2025-11-12T16:53:29.369+09:00 DEBUG 91878 --- [http-nio-8081-exec-6] o.s.s.w.a.AnonymousAuthenticationFilter  : Set SecurityContextHolder to anonymous SecurityContext
2025-11-12T16:53:29.370+09:00 DEBUG 91878 --- [http-nio-8081-exec-7] o.s.s.w.a.AnonymousAuthenticationFilter  : Set SecurityContextHolder to anonymous SecurityContext
2025-11-12T16:53:29.370+09:00 DEBUG 91878 --- [http-nio-8081-exec-6] o.s.security.web.FilterChainProxy        : Secured GET /community/posts
2025-11-12T16:53:29.370+09:00 DEBUG 91878 --- [http-nio-8081-exec-7] o.s.security.web.FilterChainProxy        : Secured GET /community/posts
2025-11-12T16:53:45.085+09:00 DEBUG 91878 --- [http-nio-8081-exec-8] o.s.security.web.FilterChainProxy        : Securing POST /login
2025-11-12T16:53:45.240+09:00 DEBUG 91878 --- [http-nio-8081-exec-8] o.s.s.a.dao.DaoAuthenticationProvider    : Authenticated user
2025-11-12T16:53:45.259+09:00  INFO 91878 --- [http-nio-8081-exec-8] c.i.rentalService.utils.LoginFilter      : psooy19@gmail.com
2025-11-12T16:54:04.798+09:00 DEBUG 91878 --- [http-nio-8081-exec-9] o.s.security.web.FilterChainProxy        : Securing POST /community
2025-11-12T16:54:04.845+09:00 DEBUG 91878 --- [http-nio-8081-exec-9] o.s.security.web.FilterChainProxy        : Secured POST /community
2025-11-12T16:54:08.242+09:00 DEBUG 91878 --- [http-nio-8081-exec-10] o.s.security.web.FilterChainProxy        : Securing GET /community/posts
2025-11-12T16:54:08.246+09:00 DEBUG 91878 --- [http-nio-8081-exec-10] o.s.s.w.a.AnonymousAuthenticationFilter  : Set SecurityContextHolder to anonymous SecurityContext
2025-11-12T16:54:08.247+09:00 DEBUG 91878 --- [http-nio-8081-exec-10] o.s.security.web.FilterChainProxy        : Secured GET /community/posts
2025-11-12T16:54:09.811+09:00 DEBUG 91878 --- [http-nio-8081-exec-1] o.s.security.web.FilterChainProxy        : Securing GET /community/5
2025-11-12T16:54:09.811+09:00 DEBUG 91878 --- [http-nio-8081-exec-2] o.s.security.web.FilterChainProxy        : Securing GET /community/5
2025-11-12T16:54:09.814+09:00 DEBUG 91878 --- [http-nio-8081-exec-1] o.s.s.w.a.AnonymousAuthenticationFilter  : Set SecurityContextHolder to anonymous SecurityContext
2025-11-12T16:54:09.814+09:00 DEBUG 91878 --- [http-nio-8081-exec-2] o.s.s.w.a.AnonymousAuthenticationFilter  : Set SecurityContextHolder to anonymous SecurityContext
2025-11-12T16:54:09.815+09:00 DEBUG 91878 --- [http-nio-8081-exec-2] o.s.security.web.FilterChainProxy        : Secured GET /community/5
2025-11-12T16:54:09.816+09:00 DEBUG 91878 --- [http-nio-8081-exec-1] o.s.security.web.FilterChainProxy        : Secured GET /community/5
2025-11-12T16:54:11.383+09:00 DEBUG 91878 --- [http-nio-8081-exec-4] o.s.security.web.FilterChainProxy        : Securing GET /community/posts
2025-11-12T16:54:11.383+09:00 DEBUG 91878 --- [http-nio-8081-exec-3] o.s.security.web.FilterChainProxy        : Securing GET /community/posts
2025-11-12T16:54:11.384+09:00 DEBUG 91878 --- [http-nio-8081-exec-3] o.s.s.w.a.AnonymousAuthenticationFilter  : Set SecurityContextHolder to anonymous SecurityContext
2025-11-12T16:54:11.384+09:00 DEBUG 91878 --- [http-nio-8081-exec-4] o.s.s.w.a.AnonymousAuthenticationFilter  : Set SecurityContextHolder to anonymous SecurityContext
2025-11-12T16:54:11.385+09:00 DEBUG 91878 --- [http-nio-8081-exec-4] o.s.security.web.FilterChainProxy        : Secured GET /community/posts
2025-11-12T16:54:11.385+09:00 DEBUG 91878 --- [http-nio-8081-exec-3] o.s.security.web.FilterChainProxy        : Secured GET /community/posts
2025-11-12T16:54:12.870+09:00 DEBUG 91878 --- [http-nio-8081-exec-6] o.s.security.web.FilterChainProxy        : Securing GET /community/4
2025-11-12T16:54:12.870+09:00 DEBUG 91878 --- [http-nio-8081-exec-5] o.s.security.web.FilterChainProxy        : Securing GET /community/4
2025-11-12T16:54:12.873+09:00 DEBUG 91878 --- [http-nio-8081-exec-5] o.s.s.w.a.AnonymousAuthenticationFilter  : Set SecurityContextHolder to anonymous SecurityContext
2025-11-12T16:54:12.872+09:00 DEBUG 91878 --- [http-nio-8081-exec-6] o.s.s.w.a.AnonymousAuthenticationFilter  : Set SecurityContextHolder to anonymous SecurityContext
2025-11-12T16:54:12.873+09:00 DEBUG 91878 --- [http-nio-8081-exec-6] o.s.security.web.FilterChainProxy        : Secured GET /community/4
2025-11-12T16:54:12.873+09:00 DEBUG 91878 --- [http-nio-8081-exec-5] o.s.security.web.FilterChainProxy        : Secured GET /community/4
2025-11-12T16:54:13.813+09:00 DEBUG 91878 --- [http-nio-8081-exec-7] o.s.security.web.FilterChainProxy        : Securing GET /community/posts
2025-11-12T16:54:13.814+09:00 DEBUG 91878 --- [http-nio-8081-exec-8] o.s.security.web.FilterChainProxy        : Securing GET /community/posts
2025-11-12T16:54:13.814+09:00 DEBUG 91878 --- [http-nio-8081-exec-8] o.s.s.w.a.AnonymousAuthenticationFilter  : Set SecurityContextHolder to anonymous SecurityContext
2025-11-12T16:54:13.815+09:00 DEBUG 91878 --- [http-nio-8081-exec-7] o.s.s.w.a.AnonymousAuthenticationFilter  : Set SecurityContextHolder to anonymous SecurityContext
2025-11-12T16:54:13.815+09:00 DEBUG 91878 --- [http-nio-8081-exec-8] o.s.security.web.FilterChainProxy        : Secured GET /community/posts
2025-11-12T16:54:13.815+09:00 DEBUG 91878 --- [http-nio-8081-exec-7] o.s.security.web.FilterChainProxy        : Secured GET /community/posts
2025-11-12T16:58:11.381+09:00  INFO 91878 --- [SpringApplicationShutdownHook] o.s.b.w.e.tomcat.GracefulShutdown        : Commencing graceful shutdown. Waiting for active requests to complete
2025-11-12T16:58:11.399+09:00  INFO 91878 --- [tomcat-shutdown] o.s.b.w.e.tomcat.GracefulShutdown        : Graceful shutdown complete
2025-11-12T16:58:11.539+09:00  INFO 91878 --- [SpringApplicationShutdownHook] j.LocalContainerEntityManagerFactoryBean : Closing JPA EntityManagerFactory for persistence unit 'default'
2025-11-12T16:58:11.584+09:00  INFO 91878 --- [SpringApplicationShutdownHook] com.zaxxer.hikari.HikariDataSource       : HikariPool-1 - Shutdown initiated...
2025-11-12T16:58:11.601+09:00  INFO 91878 --- [SpringApplicationShutdownHook] com.zaxxer.hikari.HikariDataSource       : HikariPool-1 - Shutdown completed.
